<?xml version="1.0" encoding="UTF-8"?>
<!-- Generated by org.testng.reporters.JUnitReportReporter -->
<testsuite hostname="LAPTOP-BOQFLOCE" name="learn.automation.NavigateToUrl" tests="1" failures="0" timestamp="6 Nov 2020 17:58:55 GMT" time="7.658" errors="0">
  <testcase name="navigateToUrl" time="7.658" classname="learn.automation.NavigateToUrl"/>
</testsuite> <!-- learn.automation.NavigateToUrl -->
