<?xml version="1.0" encoding="UTF-8"?>
<!-- Generated by org.testng.reporters.JUnitReportReporter -->
<testsuite skipped="0" hostname="LAPTOP-BOQFLOCE" name="learn.automation.NavigateToUrl" tests="1" failures="0" timestamp="07 Nov 2020 17:57:36 GMT" time="7.595" errors="0">
  <testcase name="navigateToUrl" time="7.595" classname="learn.automation.NavigateToUrl"/>
</testsuite> <!-- learn.automation.NavigateToUrl -->
